2020/10/15 20:38:28.371 [restartedMain] INFO  d.g.g.GraduationO2oApplication - Starting GraduationO2oApplication on Dingshuangwu with PID 95344 (D:\idea_projects\graduation-design\core\target\classes started by Administrator in D:\idea_projects\graduation-design)
2020/10/15 20:38:28.373 [restartedMain] INFO  d.g.g.GraduationO2oApplication - The following profiles are active: dev
2020/10/15 20:38:28.866 [restartedMain] INFO  o.s.b.w.s.c.AnnotationConfigServletWebServerApplicationContext - Refreshing org.springframework.boot.web.servlet.context.AnnotationConfigServletWebServerApplicationContext@5706b67d: startup date [Thu Oct 15 20:38:28 CST 2020]; root of context hierarchy
2020/10/15 20:38:30.828 [restartedMain] WARN  t.m.s.mapper.ClassPathMapperScanner - No MyBatis mapper was found in '[dingshuangwu.graduation.graduationo2o]' package. Please check your configuration.
2020/10/15 20:38:30.860 [restartedMain] WARN  o.m.s.mapper.ClassPathMapperScanner - No MyBatis mapper was found in '[dingshuangwu.graduation.graduationo2o]' package. Please check your configuration.
2020/10/15 20:38:32.241 [restartedMain] INFO  o.s.b.w.e.tomcat.TomcatWebServer - Tomcat initialized with port(s): 8499 (http)
2020/10/15 20:38:32.267 [restartedMain] INFO  o.a.coyote.http11.Http11NioProtocol - Initializing ProtocolHandler ["http-nio-8499"]
2020/10/15 20:38:32.285 [restartedMain] INFO  o.a.catalina.core.StandardService - Starting service [Tomcat]
2020/10/15 20:38:32.286 [restartedMain] INFO  o.a.catalina.core.StandardEngine - Starting Servlet Engine: Apache Tomcat/8.5.31
2020/10/15 20:38:32.293 [localhost-startStop-1] INFO  o.a.c.core.AprLifecycleListener - The APR based Apache Tomcat Native library which allows optimal performance in production environments was not found on the java.library.path: [D:\Java\Jdk\bin;C:\windows\Sun\Java\bin;C:\windows\system32;C:\windows;D:\DevelopTools\Xftp\;D:\DevelopTools\Xshell\;C:\windows\system32;C:\windows;C:\windows\System32\Wbem;C:\windows\System32\WindowsPowerShell\v1.0\;D:\DevelopTools\Git\cmd;D:\Java\Node.js\;D:\Java\Jdk\bin;D:\Java\Maven\bin;D:\SoftTools\Bandizip\;D:\DevelopTools\Microsoft VS Code\bin;C:\Users\Administrator\AppData\Roaming\npm;C:\Program Files\Bandizip\;.]
2020/10/15 20:38:32.469 [localhost-startStop-1] INFO  o.a.c.c.C.[Tomcat].[localhost].[/] - Initializing Spring embedded WebApplicationContext
2020/10/15 20:38:32.470 [localhost-startStop-1] INFO  o.s.web.context.ContextLoader - Root WebApplicationContext: initialization completed in 3604 ms
2020/10/15 20:38:32.776 [localhost-startStop-1] INFO  o.s.b.w.s.ServletRegistrationBean - Servlet dispatcherServlet mapped to [/]
2020/10/15 20:38:32.786 [localhost-startStop-1] INFO  o.s.b.w.s.FilterRegistrationBean - Mapping filter: 'characterEncodingFilter' to: [/*]
2020/10/15 20:38:32.786 [localhost-startStop-1] INFO  o.s.b.w.s.FilterRegistrationBean - Mapping filter: 'hiddenHttpMethodFilter' to: [/*]
2020/10/15 20:38:32.787 [localhost-startStop-1] INFO  o.s.b.w.s.FilterRegistrationBean - Mapping filter: 'httpPutFormContentFilter' to: [/*]
2020/10/15 20:38:32.787 [localhost-startStop-1] INFO  o.s.b.w.s.FilterRegistrationBean - Mapping filter: 'requestContextFilter' to: [/*]
2020/10/15 20:38:32.787 [localhost-startStop-1] INFO  o.s.b.w.s.FilterRegistrationBean - Mapping filter: 'corsFilter' to: [/*]
2020/10/15 20:38:34.042 [restartedMain] INFO  o.s.w.s.h.SimpleUrlHandlerMapping - Mapped URL path [/**/favicon.ico] onto handler of type [class org.springframework.web.servlet.resource.ResourceHttpRequestHandler]
2020/10/15 20:38:34.445 [restartedMain] INFO  o.s.w.s.m.m.a.RequestMappingHandlerAdapter - Looking for @ControllerAdvice: org.springframework.boot.web.servlet.context.AnnotationConfigServletWebServerApplicationContext@5706b67d: startup date [Thu Oct 15 20:38:28 CST 2020]; root of context hierarchy
2020/10/15 20:38:34.543 [restartedMain] INFO  o.s.w.s.m.m.a.RequestMappingHandlerMapping - Mapped "{[/api/apply/all-apply],methods=[GET]}" onto public dingshuangwu.graduation.graduationo2o.pojo.Result dingshuangwu.graduation.graduationo2o.controller.ApplyApi.allApply(dingshuangwu.graduation.graduationo2o.pojo.RequestApplyAndPublishVO)
2020/10/15 20:38:34.544 [restartedMain] INFO  o.s.w.s.m.m.a.RequestMappingHandlerMapping - Mapped "{[/api/apply/my-apply],methods=[GET]}" onto public dingshuangwu.graduation.graduationo2o.pojo.Result dingshuangwu.graduation.graduationo2o.controller.ApplyApi.myApply(dingshuangwu.graduation.graduationo2o.pojo.RequestApplyAndPublishVO)
2020/10/15 20:38:34.545 [restartedMain] INFO  o.s.w.s.m.m.a.RequestMappingHandlerMapping - Mapped "{[/api/apply/add-my-apply],methods=[GET]}" onto public dingshuangwu.graduation.graduationo2o.pojo.Result dingshuangwu.graduation.graduationo2o.controller.ApplyApi.addMyApply(dingshuangwu.graduation.graduationo2o.pojo.ApplyVO)
2020/10/15 20:38:34.545 [restartedMain] INFO  o.s.w.s.m.m.a.RequestMappingHandlerMapping - Mapped "{[/api/apply/delete-my-apply],methods=[GET]}" onto public dingshuangwu.graduation.graduationo2o.pojo.Result dingshuangwu.graduation.graduationo2o.controller.ApplyApi.deleteMyApply(java.lang.String)
2020/10/15 20:38:34.545 [restartedMain] INFO  o.s.w.s.m.m.a.RequestMappingHandlerMapping - Mapped "{[/api/apply/update-my-apply],methods=[GET]}" onto public dingshuangwu.graduation.graduationo2o.pojo.Result dingshuangwu.graduation.graduationo2o.controller.ApplyApi.updateMyApply(dingshuangwu.graduation.graduationo2o.pojo.ApplyVO)
2020/10/15 20:38:34.547 [restartedMain] INFO  o.s.w.s.m.m.a.RequestMappingHandlerMapping - Mapped "{[/api/login/login],methods=[POST]}" onto public dingshuangwu.graduation.graduationo2o.pojo.Result dingshuangwu.graduation.graduationo2o.controller.LoginApi.login(java.lang.String,java.lang.String)
2020/10/15 20:38:34.548 [restartedMain] INFO  o.s.w.s.m.m.a.RequestMappingHandlerMapping - Mapped "{[/api/login/loginOut],methods=[POST]}" onto public dingshuangwu.graduation.graduationo2o.pojo.Result dingshuangwu.graduation.graduationo2o.controller.LoginApi.loginOut()
2020/10/15 20:38:34.564 [restartedMain] INFO  o.s.w.s.m.m.a.RequestMappingHandlerMapping - Mapped "{[/api/management/get-user-info],methods=[POST]}" onto public dingshuangwu.graduation.graduationo2o.pojo.Result dingshuangwu.graduation.graduationo2o.controller.ManagementApi.getUserInfo(java.lang.String)
2020/10/15 20:38:34.564 [restartedMain] INFO  o.s.w.s.m.m.a.RequestMappingHandlerMapping - Mapped "{[/api/management/is-root],methods=[POST]}" onto public dingshuangwu.graduation.graduationo2o.pojo.Result dingshuangwu.graduation.graduationo2o.controller.ManagementApi.isRoot()
2020/10/15 20:38:34.565 [restartedMain] INFO  o.s.w.s.m.m.a.RequestMappingHandlerMapping - Mapped "{[/api/management/get-user-list],methods=[POST]}" onto public dingshuangwu.graduation.graduationo2o.pojo.Result dingshuangwu.graduation.graduationo2o.controller.ManagementApi.getUserList(java.lang.String,int)
2020/10/15 20:38:34.565 [restartedMain] INFO  o.s.w.s.m.m.a.RequestMappingHandlerMapping - Mapped "{[/api/management/get-user-info-all],methods=[POST]}" onto public dingshuangwu.graduation.graduationo2o.pojo.Result dingshuangwu.graduation.graduationo2o.controller.ManagementApi.getUserInfoAll(java.lang.String)
2020/10/15 20:38:34.566 [restartedMain] INFO  o.s.w.s.m.m.a.RequestMappingHandlerMapping - Mapped "{[/api/management/set-user-info],methods=[POST]}" onto public dingshuangwu.graduation.graduationo2o.pojo.Result dingshuangwu.graduation.graduationo2o.controller.ManagementApi.setUserInfo(java.lang.String,dingshuangwu.graduation.graduationo2o.pojo.UserInformation.UserInfoVO)
2020/10/15 20:38:34.566 [restartedMain] INFO  o.s.w.s.m.m.a.RequestMappingHandlerMapping - Mapped "{[/api/management/get-user-image],methods=[POST]}" onto public dingshuangwu.graduation.graduationo2o.pojo.Result dingshuangwu.graduation.graduationo2o.controller.ManagementApi.getUserImage(java.lang.String)
2020/10/15 20:38:34.566 [restartedMain] INFO  o.s.w.s.m.m.a.RequestMappingHandlerMapping - Mapped "{[/api/management/set-user-image],methods=[POST]}" onto public dingshuangwu.graduation.graduationo2o.pojo.Result dingshuangwu.graduation.graduationo2o.controller.ManagementApi.setUserImage(java.lang.String,dingshuangwu.graduation.graduationo2o.pojo.UserInformation.UserImageVO)
2020/10/15 20:38:34.567 [restartedMain] INFO  o.s.w.s.m.m.a.RequestMappingHandlerMapping - Mapped "{[/api/management/get-user-self-signature],methods=[POST]}" onto public dingshuangwu.graduation.graduationo2o.pojo.Result dingshuangwu.graduation.graduationo2o.controller.ManagementApi.getSelfSignature(java.lang.String)
2020/10/15 20:38:34.567 [restartedMain] INFO  o.s.w.s.m.m.a.RequestMappingHandlerMapping - Mapped "{[/api/management/get-resume-info-all],methods=[POST]}" onto public dingshuangwu.graduation.graduationo2o.pojo.Result dingshuangwu.graduation.graduationo2o.controller.ManagementApi.getResumeInfoAll(java.lang.String)
2020/10/15 20:38:34.568 [restartedMain] INFO  o.s.w.s.m.m.a.RequestMappingHandlerMapping - Mapped "{[/api/management/get-resume-info],methods=[POST]}" onto public dingshuangwu.graduation.graduationo2o.pojo.Result dingshuangwu.graduation.graduationo2o.controller.ManagementApi.getResumeInfo(java.lang.String)
2020/10/15 20:38:34.568 [restartedMain] INFO  o.s.w.s.m.m.a.RequestMappingHandlerMapping - Mapped "{[/api/management/set-resume-info],methods=[POST]}" onto public dingshuangwu.graduation.graduationo2o.pojo.Result dingshuangwu.graduation.graduationo2o.controller.ManagementApi.setResumeInfo(java.lang.String,dingshuangwu.graduation.graduationo2o.pojo.MyResume.MyResumeInfoVO)
2020/10/15 20:38:34.568 [restartedMain] INFO  o.s.w.s.m.m.a.RequestMappingHandlerMapping - Mapped "{[/api/management/get-user-apply],methods=[POST]}" onto public dingshuangwu.graduation.graduationo2o.pojo.Result dingshuangwu.graduation.graduationo2o.controller.ManagementApi.getUserApply(java.lang.String,int)
2020/10/15 20:38:34.569 [restartedMain] INFO  o.s.w.s.m.m.a.RequestMappingHandlerMapping - Mapped "{[/api/management/delete-user-apply],methods=[POST]}" onto public dingshuangwu.graduation.graduationo2o.pojo.Result dingshuangwu.graduation.graduationo2o.controller.ManagementApi.deleteUserApply(java.lang.String)
2020/10/15 20:38:34.569 [restartedMain] INFO  o.s.w.s.m.m.a.RequestMappingHandlerMapping - Mapped "{[/api/management/get-user-publish],methods=[POST]}" onto public dingshuangwu.graduation.graduationo2o.pojo.Result dingshuangwu.graduation.graduationo2o.controller.ManagementApi.getUserPublish(java.lang.String,int)
2020/10/15 20:38:34.569 [restartedMain] INFO  o.s.w.s.m.m.a.RequestMappingHandlerMapping - Mapped "{[/api/management/become-management],methods=[POST]}" onto public dingshuangwu.graduation.graduationo2o.pojo.Result dingshuangwu.graduation.graduationo2o.controller.ManagementApi.BecomeManagement()
2020/10/15 20:38:34.570 [restartedMain] INFO  o.s.w.s.m.m.a.RequestMappingHandlerMapping - Mapped "{[/api/management/get-jurisdiction],methods=[POST]}" onto public dingshuangwu.graduation.graduationo2o.pojo.Result dingshuangwu.graduation.graduationo2o.controller.ManagementApi.getJurisdictionByName(java.lang.String,int)
2020/10/15 20:38:34.570 [restartedMain] INFO  o.s.w.s.m.m.a.RequestMappingHandlerMapping - Mapped "{[/api/management/set-jurisdiction],methods=[POST]}" onto public dingshuangwu.graduation.graduationo2o.pojo.Result dingshuangwu.graduation.graduationo2o.controller.ManagementApi.setJurisdictionByName(dingshuangwu.graduation.graduationo2o.pojo.JurisdictionVO)
2020/10/15 20:38:34.571 [restartedMain] INFO  o.s.w.s.m.m.a.RequestMappingHandlerMapping - Mapped "{[/api/management/get-user-self-introduction],methods=[POST]}" onto public dingshuangwu.graduation.graduationo2o.pojo.Result dingshuangwu.graduation.graduationo2o.controller.ManagementApi.getUserSelfIntroduction(java.lang.String)
2020/10/15 20:38:34.571 [restartedMain] INFO  o.s.w.s.m.m.a.RequestMappingHandlerMapping - Mapped "{[/api/management/set-user-self-introduction],methods=[POST]}" onto public dingshuangwu.graduation.graduationo2o.pojo.Result dingshuangwu.graduation.graduationo2o.controller.ManagementApi.setUserSelfIntroduction(java.lang.String,dingshuangwu.graduation.graduationo2o.pojo.UserInformation.UserSelfIntroductionVO)
2020/10/15 20:38:34.571 [restartedMain] INFO  o.s.w.s.m.m.a.RequestMappingHandlerMapping - Mapped "{[/api/management/get-user-education-experience],methods=[POST]}" onto public dingshuangwu.graduation.graduationo2o.pojo.Result dingshuangwu.graduation.graduationo2o.controller.ManagementApi.getUserEducationExperience(java.lang.String)
2020/10/15 20:38:34.572 [restartedMain] INFO  o.s.w.s.m.m.a.RequestMappingHandlerMapping - Mapped "{[/api/management/set-user-education-experience],methods=[POST]}" onto public dingshuangwu.graduation.graduationo2o.pojo.Result dingshuangwu.graduation.graduationo2o.controller.ManagementApi.setUserEducationExperience(java.lang.String,dingshuangwu.graduation.graduationo2o.pojo.UserInformation.UserEducationExperienceVO)
2020/10/15 20:38:34.572 [restartedMain] INFO  o.s.w.s.m.m.a.RequestMappingHandlerMapping - Mapped "{[/api/management/set-user-self-signature],methods=[POST]}" onto public dingshuangwu.graduation.graduationo2o.pojo.Result dingshuangwu.graduation.graduationo2o.controller.ManagementApi.setUserSelfSignature(java.lang.String,dingshuangwu.graduation.graduationo2o.pojo.UserInformation.UserSelfSignatureVO)
2020/10/15 20:38:34.572 [restartedMain] INFO  o.s.w.s.m.m.a.RequestMappingHandlerMapping - Mapped "{[/api/management/get-resume-expertise],methods=[POST]}" onto public dingshuangwu.graduation.graduationo2o.pojo.Result dingshuangwu.graduation.graduationo2o.controller.ManagementApi.getResumeExpertise(java.lang.String)
2020/10/15 20:38:34.573 [restartedMain] INFO  o.s.w.s.m.m.a.RequestMappingHandlerMapping - Mapped "{[/api/management/set-resume-expertise],methods=[POST]}" onto public dingshuangwu.graduation.graduationo2o.pojo.Result dingshuangwu.graduation.graduationo2o.controller.ManagementApi.setResumeExpertise(java.lang.String,dingshuangwu.graduation.graduationo2o.pojo.MyResume.MyResumeExpertiseVO)
2020/10/15 20:38:34.573 [restartedMain] INFO  o.s.w.s.m.m.a.RequestMappingHandlerMapping - Mapped "{[/api/management/get-resume-expected-work],methods=[POST]}" onto public dingshuangwu.graduation.graduationo2o.pojo.Result dingshuangwu.graduation.graduationo2o.controller.ManagementApi.getResumeExpectedWork(java.lang.String)
2020/10/15 20:38:34.574 [restartedMain] INFO  o.s.w.s.m.m.a.RequestMappingHandlerMapping - Mapped "{[/api/management/set-resume-expected-work],methods=[POST]}" onto public dingshuangwu.graduation.graduationo2o.pojo.Result dingshuangwu.graduation.graduationo2o.controller.ManagementApi.setMyResumeExpectedWork(java.lang.String,dingshuangwu.graduation.graduationo2o.pojo.MyResume.MyResumeExpectedWorkVO)
2020/10/15 20:38:34.574 [restartedMain] INFO  o.s.w.s.m.m.a.RequestMappingHandlerMapping - Mapped "{[/api/management/get-resume-work-experience],methods=[POST]}" onto public dingshuangwu.graduation.graduationo2o.pojo.Result dingshuangwu.graduation.graduationo2o.controller.ManagementApi.getMyResumeWorkExperience(java.lang.String)
2020/10/15 20:38:34.574 [restartedMain] INFO  o.s.w.s.m.m.a.RequestMappingHandlerMapping - Mapped "{[/api/management/set-resume-work-experience],methods=[POST]}" onto public dingshuangwu.graduation.graduationo2o.pojo.Result dingshuangwu.graduation.graduationo2o.controller.ManagementApi.setMyResumeWorkExperience(java.lang.String,dingshuangwu.graduation.graduationo2o.pojo.MyResume.MyResumeWorkExperienceVO)
2020/10/15 20:38:34.575 [restartedMain] INFO  o.s.w.s.m.m.a.RequestMappingHandlerMapping - Mapped "{[/api/management/delete-user-publish],methods=[POST]}" onto public dingshuangwu.graduation.graduationo2o.pojo.Result dingshuangwu.graduation.graduationo2o.controller.ManagementApi.deleteUserPublish(java.lang.String)
2020/10/15 20:38:34.575 [restartedMain] INFO  o.s.w.s.m.m.a.RequestMappingHandlerMapping - Mapped "{[/api/management/real-name-authentication],methods=[POST]}" onto public dingshuangwu.graduation.graduationo2o.pojo.Result dingshuangwu.graduation.graduationo2o.controller.ManagementApi.realNameAuthentication(java.lang.String,int)
2020/10/15 20:38:34.575 [restartedMain] INFO  o.s.w.s.m.m.a.RequestMappingHandlerMapping - Mapped "{[/api/management/real-name-authentication-pass],methods=[POST]}" onto public dingshuangwu.graduation.graduationo2o.pojo.Result dingshuangwu.graduation.graduationo2o.controller.ManagementApi.realNameAuthenticationPass(java.lang.String)
2020/10/15 20:38:34.575 [restartedMain] INFO  o.s.w.s.m.m.a.RequestMappingHandlerMapping - Mapped "{[/api/management/real-name-authentication-reject],methods=[POST]}" onto public dingshuangwu.graduation.graduationo2o.pojo.Result dingshuangwu.graduation.graduationo2o.controller.ManagementApi.realNameAuthenticationReject(java.lang.String)
2020/10/15 20:38:34.576 [restartedMain] INFO  o.s.w.s.m.m.a.RequestMappingHandlerMapping - Mapped "{[/api/management/get-apply-for-management],methods=[POST]}" onto public dingshuangwu.graduation.graduationo2o.pojo.Result dingshuangwu.graduation.graduationo2o.controller.ManagementApi.getApplyForManagement(java.lang.String,int)
2020/10/15 20:38:34.576 [restartedMain] INFO  o.s.w.s.m.m.a.RequestMappingHandlerMapping - Mapped "{[/api/management/get-real-name-authentication-by-id],methods=[POST]}" onto public dingshuangwu.graduation.graduationo2o.pojo.Result dingshuangwu.graduation.graduationo2o.controller.ManagementApi.getRealNameAuthenticationById(java.lang.String)
2020/10/15 20:38:34.576 [restartedMain] INFO  o.s.w.s.m.m.a.RequestMappingHandlerMapping - Mapped "{[/api/management/apply-for-management-pass],methods=[POST]}" onto public dingshuangwu.graduation.graduationo2o.pojo.Result dingshuangwu.graduation.graduationo2o.controller.ManagementApi.ApplyForManagementPass(java.lang.String)
2020/10/15 20:38:34.577 [restartedMain] INFO  o.s.w.s.m.m.a.RequestMappingHandlerMapping - Mapped "{[/api/management/apply-for-management-reject],methods=[POST]}" onto public dingshuangwu.graduation.graduationo2o.pojo.Result dingshuangwu.graduation.graduationo2o.controller.ManagementApi.ApplyForManagemenReject(java.lang.String)
2020/10/15 20:38:34.581 [restartedMain] INFO  o.s.w.s.m.m.a.RequestMappingHandlerMapping - Mapped "{[/api/my-resume/info],methods=[GET]}" onto public dingshuangwu.graduation.graduationo2o.pojo.Result dingshuangwu.graduation.graduationo2o.controller.MyResumeApi.getMyResumeInfo()
2020/10/15 20:38:34.581 [restartedMain] INFO  o.s.w.s.m.m.a.RequestMappingHandlerMapping - Mapped "{[/api/my-resume/set-info],methods=[GET]}" onto public dingshuangwu.graduation.graduationo2o.pojo.Result dingshuangwu.graduation.graduationo2o.controller.MyResumeApi.setMyResumeInfo(dingshuangwu.graduation.graduationo2o.pojo.MyResume.MyResumeInfoVO)
2020/10/15 20:38:34.581 [restartedMain] INFO  o.s.w.s.m.m.a.RequestMappingHandlerMapping - Mapped "{[/api/my-resume/all],methods=[GET]}" onto public dingshuangwu.graduation.graduationo2o.pojo.Result dingshuangwu.graduation.graduationo2o.controller.MyResumeApi.getMyResumeAll()
2020/10/15 20:38:34.582 [restartedMain] INFO  o.s.w.s.m.m.a.RequestMappingHandlerMapping - Mapped "{[/api/my-resume/set-expected-work],methods=[GET]}" onto public dingshuangwu.graduation.graduationo2o.pojo.Result dingshuangwu.graduation.graduationo2o.controller.MyResumeApi.setMyResumeExpectedWork(dingshuangwu.graduation.graduationo2o.pojo.MyResume.MyResumeExpectedWorkVO)
2020/10/15 20:38:34.582 [restartedMain] INFO  o.s.w.s.m.m.a.RequestMappingHandlerMapping - Mapped "{[/api/my-resume/work-experience],methods=[GET]}" onto public dingshuangwu.graduation.graduationo2o.pojo.Result dingshuangwu.graduation.graduationo2o.controller.MyResumeApi.getMyResumeWorkExperience()
2020/10/15 20:38:34.582 [restartedMain] INFO  o.s.w.s.m.m.a.RequestMappingHandlerMapping - Mapped "{[/api/my-resume/set-work-experience],methods=[GET]}" onto public dingshuangwu.graduation.graduationo2o.pojo.Result dingshuangwu.graduation.graduationo2o.controller.MyResumeApi.setMyResumeWorkExperience(dingshuangwu.graduation.graduationo2o.pojo.MyResume.MyResumeWorkExperienceVO)
2020/10/15 20:38:34.583 [restartedMain] INFO  o.s.w.s.m.m.a.RequestMappingHandlerMapping - Mapped "{[/api/my-resume/expertise],methods=[GET]}" onto public dingshuangwu.graduation.graduationo2o.pojo.Result dingshuangwu.graduation.graduationo2o.controller.MyResumeApi.getMyResumeExpertise()
2020/10/15 20:38:34.583 [restartedMain] INFO  o.s.w.s.m.m.a.RequestMappingHandlerMapping - Mapped "{[/api/my-resume/set-expertise],methods=[GET]}" onto public dingshuangwu.graduation.graduationo2o.pojo.Result dingshuangwu.graduation.graduationo2o.controller.MyResumeApi.setMyResumeExpertise(dingshuangwu.graduation.graduationo2o.pojo.MyResume.MyResumeExpertiseVO)
2020/10/15 20:38:34.584 [restartedMain] INFO  o.s.w.s.m.m.a.RequestMappingHandlerMapping - Mapped "{[/api/my-resume/expected-work],methods=[GET]}" onto public dingshuangwu.graduation.graduationo2o.pojo.Result dingshuangwu.graduation.graduationo2o.controller.MyResumeApi.getMyResumeExpectedWork()
2020/10/15 20:38:34.584 [restartedMain] INFO  o.s.w.s.m.m.a.RequestMappingHandlerMapping - Mapped "{[/api/my-resume/get-somebody-resume],methods=[GET]}" onto public dingshuangwu.graduation.graduationo2o.pojo.Result dingshuangwu.graduation.graduationo2o.controller.MyResumeApi.getSomeBodyResume(java.lang.String)
2020/10/15 20:38:34.590 [restartedMain] INFO  o.s.w.s.m.m.a.RequestMappingHandlerMapping - Mapped "{[/api/publish/delete-my-publish],methods=[GET]}" onto public dingshuangwu.graduation.graduationo2o.pojo.Result dingshuangwu.graduation.graduationo2o.controller.PublishApi.deleteMyApply(java.lang.String)
2020/10/15 20:38:34.590 [restartedMain] INFO  o.s.w.s.m.m.a.RequestMappingHandlerMapping - Mapped "{[/api/publish/all-publish],methods=[GET]}" onto public dingshuangwu.graduation.graduationo2o.pojo.Result dingshuangwu.graduation.graduationo2o.controller.PublishApi.allPublish(dingshuangwu.graduation.graduationo2o.pojo.RequestApplyAndPublishVO)
2020/10/15 20:38:34.591 [restartedMain] INFO  o.s.w.s.m.m.a.RequestMappingHandlerMapping - Mapped "{[/api/publish/my-publish],methods=[GET]}" onto public dingshuangwu.graduation.graduationo2o.pojo.Result dingshuangwu.graduation.graduationo2o.controller.PublishApi.myPublish(dingshuangwu.graduation.graduationo2o.pojo.RequestApplyAndPublishVO)
2020/10/15 20:38:34.591 [restartedMain] INFO  o.s.w.s.m.m.a.RequestMappingHandlerMapping - Mapped "{[/api/publish/add-my-publish],methods=[GET]}" onto public dingshuangwu.graduation.graduationo2o.pojo.Result dingshuangwu.graduation.graduationo2o.controller.PublishApi.addMyPublish(dingshuangwu.graduation.graduationo2o.pojo.PublishVO)
2020/10/15 20:38:34.591 [restartedMain] INFO  o.s.w.s.m.m.a.RequestMappingHandlerMapping - Mapped "{[/api/publish/update-my-publish],methods=[GET]}" onto public dingshuangwu.graduation.graduationo2o.pojo.Result dingshuangwu.graduation.graduationo2o.controller.PublishApi.updateMyPublish(dingshuangwu.graduation.graduationo2o.pojo.PublishVO)
2020/10/15 20:38:34.592 [restartedMain] INFO  o.s.w.s.m.m.a.RequestMappingHandlerMapping - Mapped "{[/api/sign/update-password],methods=[POST]}" onto public dingshuangwu.graduation.graduationo2o.pojo.Result dingshuangwu.graduation.graduationo2o.controller.SignInApi.updatePassword(java.lang.String,java.lang.String,java.lang.String)
2020/10/15 20:38:34.592 [restartedMain] INFO  o.s.w.s.m.m.a.RequestMappingHandlerMapping - Mapped "{[/api/sign/sign-in],methods=[POST]}" onto public dingshuangwu.graduation.graduationo2o.pojo.Result dingshuangwu.graduation.graduationo2o.controller.SignInApi.signIn(dingshuangwu.graduation.graduationo2o.pojo.UserVO)
2020/10/15 20:38:34.593 [restartedMain] INFO  o.s.w.s.m.m.a.RequestMappingHandlerMapping - Mapped "{[/api/system/get-date]}" onto public java.lang.String dingshuangwu.graduation.graduationo2o.controller.SystemController.getSystemDate()
2020/10/15 20:38:34.594 [restartedMain] INFO  o.s.w.s.m.m.a.RequestMappingHandlerMapping - Mapped "{[/api/test/test],methods=[GET]}" onto public java.lang.String dingshuangwu.graduation.graduationo2o.controller.TestApi.test(dingshuangwu.graduation.graduationo2o.pojo.RequestApplyAndPublishVO)
2020/10/15 20:38:34.595 [restartedMain] INFO  o.s.w.s.m.m.a.RequestMappingHandlerMapping - Mapped "{[/api/test/apply],methods=[GET]}" onto public void dingshuangwu.graduation.graduationo2o.controller.TestApi.test1()
2020/10/15 20:38:34.595 [restartedMain] INFO  o.s.w.s.m.m.a.RequestMappingHandlerMapping - Mapped "{[/api/test/publish],methods=[GET]}" onto public void dingshuangwu.graduation.graduationo2o.controller.TestApi.test2()
2020/10/15 20:38:34.596 [restartedMain] INFO  o.s.w.s.m.m.a.RequestMappingHandlerMapping - Mapped "{[/api/user-apply/real-name-authentication],methods=[POST]}" onto public dingshuangwu.graduation.graduationo2o.pojo.Result dingshuangwu.graduation.graduationo2o.controller.UserApplyApi.realNameAuthentication(dingshuangwu.graduation.graduationo2o.pojo.RealNameAuthenticationVO)
2020/10/15 20:38:34.596 [restartedMain] INFO  o.s.w.s.m.m.a.RequestMappingHandlerMapping - Mapped "{[/api/user-apply/get-real-name-authentication],methods=[GET]}" onto public dingshuangwu.graduation.graduationo2o.pojo.Result dingshuangwu.graduation.graduationo2o.controller.UserApplyApi.getRealNameAuthentication()
2020/10/15 20:38:34.597 [restartedMain] INFO  o.s.w.s.m.m.a.RequestMappingHandlerMapping - Mapped "{[/api/user-apply/apply-for-management],methods=[POST]}" onto public dingshuangwu.graduation.graduationo2o.pojo.Result dingshuangwu.graduation.graduationo2o.controller.UserApplyApi.applyForManagement(dingshuangwu.graduation.graduationo2o.pojo.ApplyForManagementVO)
2020/10/15 20:38:34.600 [restartedMain] INFO  o.s.w.s.m.m.a.RequestMappingHandlerMapping - Mapped "{[/api/user-info/info],methods=[GET]}" onto public dingshuangwu.graduation.graduationo2o.pojo.Result dingshuangwu.graduation.graduationo2o.controller.UserInfoApi.getUserInfo()
2020/10/15 20:38:34.600 [restartedMain] INFO  o.s.w.s.m.m.a.RequestMappingHandlerMapping - Mapped "{[/api/user-info/set-info],methods=[GET]}" onto public dingshuangwu.graduation.graduationo2o.pojo.Result dingshuangwu.graduation.graduationo2o.controller.UserInfoApi.setUserInfo(dingshuangwu.graduation.graduationo2o.pojo.UserInformation.UserInfoVO)
2020/10/15 20:38:34.601 [restartedMain] INFO  o.s.w.s.m.m.a.RequestMappingHandlerMapping - Mapped "{[/api/user-info/user-image],methods=[GET]}" onto public dingshuangwu.graduation.graduationo2o.pojo.Result dingshuangwu.graduation.graduationo2o.controller.UserInfoApi.getUserImage()
2020/10/15 20:38:34.601 [restartedMain] INFO  o.s.w.s.m.m.a.RequestMappingHandlerMapping - Mapped "{[/api/user-info/set-user-image],methods=[POST]}" onto public dingshuangwu.graduation.graduationo2o.pojo.Result dingshuangwu.graduation.graduationo2o.controller.UserInfoApi.setUserImage(dingshuangwu.graduation.graduationo2o.pojo.UserInformation.UserImageVO)
2020/10/15 20:38:34.601 [restartedMain] INFO  o.s.w.s.m.m.a.RequestMappingHandlerMapping - Mapped "{[/api/user-info/self-signature],methods=[GET]}" onto public dingshuangwu.graduation.graduationo2o.pojo.Result dingshuangwu.graduation.graduationo2o.controller.UserInfoApi.getSelfSignature()
2020/10/15 20:38:34.601 [restartedMain] INFO  o.s.w.s.m.m.a.RequestMappingHandlerMapping - Mapped "{[/api/user-info/all],methods=[GET]}" onto public dingshuangwu.graduation.graduationo2o.pojo.Result dingshuangwu.graduation.graduationo2o.controller.UserInfoApi.getUserAllInfo()
2020/10/15 20:38:34.602 [restartedMain] INFO  o.s.w.s.m.m.a.RequestMappingHandlerMapping - Mapped "{[/api/user-info/set-self-signature],methods=[GET]}" onto public dingshuangwu.graduation.graduationo2o.pojo.Result dingshuangwu.graduation.graduationo2o.controller.UserInfoApi.setSelfSignature(dingshuangwu.graduation.graduationo2o.pojo.UserInformation.UserSelfSignatureVO)
2020/10/15 20:38:34.602 [restartedMain] INFO  o.s.w.s.m.m.a.RequestMappingHandlerMapping - Mapped "{[/api/user-info/self-introduction],methods=[GET]}" onto public dingshuangwu.graduation.graduationo2o.pojo.Result dingshuangwu.graduation.graduationo2o.controller.UserInfoApi.getSelfIntroduction()
2020/10/15 20:38:34.602 [restartedMain] INFO  o.s.w.s.m.m.a.RequestMappingHandlerMapping - Mapped "{[/api/user-info/set-self-introduction],methods=[GET]}" onto public dingshuangwu.graduation.graduationo2o.pojo.Result dingshuangwu.graduation.graduationo2o.controller.UserInfoApi.setSelfIntroduction(dingshuangwu.graduation.graduationo2o.pojo.UserInformation.UserSelfIntroductionVO)
2020/10/15 20:38:34.603 [restartedMain] INFO  o.s.w.s.m.m.a.RequestMappingHandlerMapping - Mapped "{[/api/user-info/education-experience],methods=[GET]}" onto public dingshuangwu.graduation.graduationo2o.pojo.Result dingshuangwu.graduation.graduationo2o.controller.UserInfoApi.getEducationExperience()
2020/10/15 20:38:34.603 [restartedMain] INFO  o.s.w.s.m.m.a.RequestMappingHandlerMapping - Mapped "{[/api/user-info/set-education-experience],methods=[GET]}" onto public dingshuangwu.graduation.graduationo2o.pojo.Result dingshuangwu.graduation.graduationo2o.controller.UserInfoApi.setEducationExperience(dingshuangwu.graduation.graduationo2o.pojo.UserInformation.UserEducationExperienceVO)
2020/10/15 20:38:34.603 [restartedMain] INFO  o.s.w.s.m.m.a.RequestMappingHandlerMapping - Mapped "{[/api/user-info/get-somebody-info],methods=[GET]}" onto public dingshuangwu.graduation.graduationo2o.pojo.Result dingshuangwu.graduation.graduationo2o.controller.UserInfoApi.getSomeBodyInfoByName(java.lang.String)
2020/10/15 20:38:34.603 [restartedMain] INFO  o.s.w.s.m.m.a.RequestMappingHandlerMapping - Mapped "{[/api/user-info/get-real-name-authentication-state],methods=[GET]}" onto public dingshuangwu.graduation.graduationo2o.pojo.Result dingshuangwu.graduation.graduationo2o.controller.UserInfoApi.getRealNameAuthenticationState()
2020/10/15 20:38:34.604 [restartedMain] INFO  o.s.w.s.m.m.a.RequestMappingHandlerMapping - Mapped "{[/api/user-info/get-apply-for-management-state],methods=[GET]}" onto public dingshuangwu.graduation.graduationo2o.pojo.Result dingshuangwu.graduation.graduationo2o.controller.UserInfoApi.getApplyForManagementState()
2020/10/15 20:38:34.607 [restartedMain] INFO  o.s.w.s.m.m.a.RequestMappingHandlerMapping - Mapped "{[/error]}" onto public org.springframework.http.ResponseEntity<java.util.Map<java.lang.String, java.lang.Object>> org.springframework.boot.autoconfigure.web.servlet.error.BasicErrorController.error(javax.servlet.http.HttpServletRequest)
2020/10/15 20:38:34.608 [restartedMain] INFO  o.s.w.s.m.m.a.RequestMappingHandlerMapping - Mapped "{[/error],produces=[text/html]}" onto public org.springframework.web.servlet.ModelAndView org.springframework.boot.autoconfigure.web.servlet.error.BasicErrorController.errorHtml(javax.servlet.http.HttpServletRequest,javax.servlet.http.HttpServletResponse)
2020/10/15 20:38:34.685 [restartedMain] INFO  o.s.w.s.h.SimpleUrlHandlerMapping - Mapped URL path [/webjars/**] onto handler of type [class org.springframework.web.servlet.resource.ResourceHttpRequestHandler]
2020/10/15 20:38:34.685 [restartedMain] INFO  o.s.w.s.h.SimpleUrlHandlerMapping - Mapped URL path [/**] onto handler of type [class org.springframework.web.servlet.resource.ResourceHttpRequestHandler]
2020/10/15 20:38:34.730 [restartedMain] INFO  o.s.w.s.m.m.a.ExceptionHandlerExceptionResolver - Detected @ExceptionHandler methods in globalExceptionHandler
2020/10/15 20:38:34.904 [restartedMain] INFO  t.m.m.a.MapperCacheDisabler - Clear tk.mybatis.mapper.util.MsUtil CLASS_CACHE cache.
2020/10/15 20:38:34.905 [restartedMain] INFO  t.m.m.a.MapperCacheDisabler - Clear tk.mybatis.mapper.genid.GenIdUtil CACHE cache.
2020/10/15 20:38:34.907 [restartedMain] INFO  t.m.m.a.MapperCacheDisabler - Clear tk.mybatis.mapper.version.VersionUtil CACHE cache.
2020/10/15 20:38:34.912 [restartedMain] INFO  t.m.m.a.MapperCacheDisabler - Clear EntityHelper entityTableMap cache.
2020/10/15 20:38:35.490 [restartedMain] INFO  o.s.b.d.a.OptionalLiveReloadServer - LiveReload server is running on port 35729
2020/10/15 20:38:35.534 [restartedMain] INFO  o.s.j.e.a.AnnotationMBeanExporter - Registering beans for JMX exposure on startup
2020/10/15 20:38:35.536 [restartedMain] INFO  o.s.j.e.a.AnnotationMBeanExporter - Bean with name 'dataSource' has been autodetected for JMX exposure
2020/10/15 20:38:35.549 [restartedMain] INFO  o.s.j.e.a.AnnotationMBeanExporter - Located MBean 'dataSource': registering with JMX server as MBean [com.alibaba.druid.pool:name=dataSource,type=DruidDataSource]
2020/10/15 20:38:35.573 [restartedMain] INFO  o.a.coyote.http11.Http11NioProtocol - Starting ProtocolHandler ["http-nio-8499"]
2020/10/15 20:38:35.586 [restartedMain] INFO  o.a.tomcat.util.net.NioSelectorPool - Using a shared selector for servlet write/read
2020/10/15 20:38:35.612 [restartedMain] INFO  o.s.b.w.e.tomcat.TomcatWebServer - Tomcat started on port(s): 8499 (http) with context path ''
2020/10/15 20:38:35.619 [restartedMain] INFO  d.g.g.GraduationO2oApplication - Started GraduationO2oApplication in 8.45 seconds (JVM running for 11.02)
